2021-01-23 15:41:39,245 INFO o.a.j.u.JMeterUtils: Setting Locale to en_EN
2021-01-23 15:41:39,274 INFO o.a.j.JMeter: Loading user properties from: /opt/apache-jmeter-5.4.1/bin/user.properties
2021-01-23 15:41:39,275 INFO o.a.j.JMeter: Loading system properties from: /opt/apache-jmeter-5.4.1/bin/system.properties
2021-01-23 15:41:39,275 INFO o.a.j.JMeter: Setting JMeter property: jmeter.save.saveservice.output_format=csv
2021-01-23 15:41:39,284 INFO o.a.j.JMeter: Copyright (c) 1998-2021 The Apache Software Foundation
2021-01-23 15:41:39,284 INFO o.a.j.JMeter: Version 5.4.1
2021-01-23 15:41:39,285 INFO o.a.j.JMeter: java.version=11.0.10
2021-01-23 15:41:39,285 INFO o.a.j.JMeter: java.vm.name=Java HotSpot(TM) 64-Bit Server VM
2021-01-23 15:41:39,285 INFO o.a.j.JMeter: os.name=Linux
2021-01-23 15:41:39,285 INFO o.a.j.JMeter: os.arch=amd64
2021-01-23 15:41:39,285 INFO o.a.j.JMeter: os.version=5.8.0-38-generic
2021-01-23 15:41:39,285 INFO o.a.j.JMeter: file.encoding=UTF-8
2021-01-23 15:41:39,285 INFO o.a.j.JMeter: java.awt.headless=true
2021-01-23 15:41:39,285 INFO o.a.j.JMeter: Max memory     =1073741824
2021-01-23 15:41:39,286 INFO o.a.j.JMeter: Available Processors =6
2021-01-23 15:41:39,297 INFO o.a.j.JMeter: Default Locale=English (EN)
2021-01-23 15:41:39,298 INFO o.a.j.JMeter: JMeter  Locale=English (EN)
2021-01-23 15:41:39,298 INFO o.a.j.JMeter: JMeterHome=/opt/apache-jmeter-5.4.1
2021-01-23 15:41:39,298 INFO o.a.j.JMeter: user.dir  =/home/zimine/repos/tutorials/jmeter
2021-01-23 15:41:39,298 INFO o.a.j.JMeter: PWD       =/home/zimine/repos/tutorials/jmeter
2021-01-23 15:41:39,299 INFO o.a.j.JMeter: IP: 127.0.1.1 Name: zub FullName: ubuntu
2021-01-23 15:41:39,306 INFO o.a.j.s.FileServer: Default base='/home/zimine/repos/tutorials/jmeter'
2021-01-23 15:41:39,308 INFO o.a.j.s.FileServer: Set new base='/home/zimine/repos/tutorials/jmeter/src/main/resources'
2021-01-23 15:41:39,560 INFO o.a.j.s.SaveService: Testplan (JMX) version: 2.2. Testlog (JTL) version: 2.2
2021-01-23 15:41:39,589 INFO o.a.j.s.SaveService: Using SaveService properties version 5.0
2021-01-23 15:41:39,593 INFO o.a.j.s.SaveService: Using SaveService properties file encoding UTF-8
2021-01-23 15:41:39,597 INFO o.a.j.s.SaveService: Loading file: src/main/resources/JMeter_szi.jmx
2021-01-23 15:41:39,658 INFO o.a.j.p.h.s.HTTPSamplerBase: Parser for text/html is org.apache.jmeter.protocol.http.parser.LagartoBasedHtmlParser
2021-01-23 15:41:39,658 INFO o.a.j.p.h.s.HTTPSamplerBase: Parser for application/xhtml+xml is org.apache.jmeter.protocol.http.parser.LagartoBasedHtmlParser
2021-01-23 15:41:39,658 INFO o.a.j.p.h.s.HTTPSamplerBase: Parser for application/xml is org.apache.jmeter.protocol.http.parser.LagartoBasedHtmlParser
2021-01-23 15:41:39,658 INFO o.a.j.p.h.s.HTTPSamplerBase: Parser for text/xml is org.apache.jmeter.protocol.http.parser.LagartoBasedHtmlParser
2021-01-23 15:41:39,659 INFO o.a.j.p.h.s.HTTPSamplerBase: Parser for text/vnd.wap.wml is org.apache.jmeter.protocol.http.parser.RegexpHTMLParser
2021-01-23 15:41:39,659 INFO o.a.j.p.h.s.HTTPSamplerBase: Parser for text/css is org.apache.jmeter.protocol.http.parser.CssParser
2021-01-23 15:41:39,691 INFO o.a.j.JMeter: Creating summariser <summary>
2021-01-23 15:41:39,697 INFO o.a.j.e.StandardJMeterEngine: Running the test!
2021-01-23 15:41:39,698 INFO o.a.j.s.SampleEvent: List of sample_variables: []
2021-01-23 15:41:39,698 INFO o.a.j.s.SampleEvent: List of sample_variables: []
2021-01-23 15:41:39,722 INFO o.a.j.e.u.CompoundVariable: Note: Function class names must contain the string: '.functions.'
2021-01-23 15:41:39,723 INFO o.a.j.e.u.CompoundVariable: Note: Function class names must not contain the string: '.gui.'
2021-01-23 15:41:40,129 INFO o.a.j.JMeter: Running test (1611412900129)
2021-01-23 15:41:40,153 INFO o.a.j.e.StandardJMeterEngine: Starting ThreadGroup: 1 : Thread Group
2021-01-23 15:41:40,153 INFO o.a.j.e.StandardJMeterEngine: Starting 5 threads for group Thread Group.
2021-01-23 15:41:40,154 INFO o.a.j.e.StandardJMeterEngine: Thread will continue on error
2021-01-23 15:41:40,154 INFO o.a.j.t.ThreadGroup: Starting thread group... number=1 threads=5 ramp-up=1 delayedStart=false
2021-01-23 15:41:40,177 INFO o.a.j.t.JMeterThread: Thread started: Thread Group 1-1
2021-01-23 15:41:40,179 INFO o.a.j.t.ThreadGroup: Started thread group number 1
2021-01-23 15:41:40,179 INFO o.a.j.e.StandardJMeterEngine: All thread groups have been started
2021-01-23 15:41:40,203 INFO o.a.j.p.h.s.HTTPHCAbstractImpl: Local host = zub
2021-01-23 15:41:40,211 INFO o.a.j.p.h.s.HTTPHC4Impl: HTTP request retry count = 0
2021-01-23 15:41:40,214 INFO o.a.j.s.SampleResult: Note: Sample TimeStamps are START times
2021-01-23 15:41:40,214 INFO o.a.j.s.SampleResult: sampleresult.default.encoding is set to ISO-8859-1
2021-01-23 15:41:40,214 INFO o.a.j.s.SampleResult: sampleresult.useNanoTime=true
2021-01-23 15:41:40,214 INFO o.a.j.s.SampleResult: sampleresult.nanoThreadSleep=5000
2021-01-23 15:41:40,372 INFO o.a.j.t.JMeterThread: Thread is done: Thread Group 1-1
2021-01-23 15:41:40,372 INFO o.a.j.t.JMeterThread: Thread finished: Thread Group 1-1
2021-01-23 15:41:40,372 INFO o.a.j.t.JMeterThread: Thread started: Thread Group 1-2
2021-01-23 15:41:40,388 INFO o.a.j.t.JMeterThread: Thread is done: Thread Group 1-2
2021-01-23 15:41:40,388 INFO o.a.j.t.JMeterThread: Thread finished: Thread Group 1-2
2021-01-23 15:41:40,569 INFO o.a.j.t.JMeterThread: Thread started: Thread Group 1-3
2021-01-23 15:41:40,602 INFO o.a.j.t.JMeterThread: Thread is done: Thread Group 1-3
2021-01-23 15:41:40,602 INFO o.a.j.t.JMeterThread: Thread finished: Thread Group 1-3
2021-01-23 15:41:40,765 INFO o.a.j.t.JMeterThread: Thread started: Thread Group 1-4
2021-01-23 15:41:40,797 INFO o.a.j.t.JMeterThread: Thread is done: Thread Group 1-4
2021-01-23 15:41:40,797 INFO o.a.j.t.JMeterThread: Thread finished: Thread Group 1-4
2021-01-23 15:41:40,958 INFO o.a.j.t.JMeterThread: Thread started: Thread Group 1-5
2021-01-23 15:41:40,990 INFO o.a.j.t.JMeterThread: Thread is done: Thread Group 1-5
2021-01-23 15:41:40,991 INFO o.a.j.t.JMeterThread: Thread finished: Thread Group 1-5
2021-01-23 15:41:40,992 INFO o.a.j.e.StandardJMeterEngine: Notifying test listeners of end of test
2021-01-23 15:41:40,995 INFO o.a.j.r.Summariser: summary =      5 in 00:00:01 =    5.8/s Avg:    29 Min:    10 Max:    58 Err:     1 (20.00%)
